Using pre-set license
Built from '6000.0/staging' branch; Version is '6000.0.55f1 (c5f59906196d) revision 12973465'; Using compiler version '193933523'; Build Type 'Release'
OS: 'Windows 11  (10.0.26100) 64bit Professional' Language: 'en' Physical Memory: 15654 MB
BatchMode: 1, IsHumanControllingUs: 0, StartBugReporterOnCrash: 0, Is64bit: 1
Date: 2025-09-21T08:42:57Z

COMMAND LINE ARGUMENTS:
C:\Program Files\Unity\Hub\Editor\6000.0.55f1\Editor\Unity.exe
-adb2
-batchMode
-noUpm
-name
AssetImportWorker3
-projectPath
C:/UnityProjects/SoftBoys
-logFile
Logs/AssetImportWorker3.log
-srvPort
56023
-job-worker-count
5
-background-job-worker-count
8
-gc-helper-count
1
Successfully changed project path to: C:/UnityProjects/SoftBoys
C:/UnityProjects/SoftBoys
[UnityMemory] Configuration Parameters - Can be set up in boot.config
    "memorysetup-bucket-allocator-granularity=16"
    "memorysetup-bucket-allocator-bucket-count=8"
    "memorysetup-bucket-allocator-block-size=33554432"
    "memorysetup-bucket-allocator-block-count=8"
    "memorysetup-main-allocator-block-size=16777216"
    "memorysetup-thread-allocator-block-size=16777216"
    "memorysetup-gfx-main-allocator-block-size=16777216"
    "memorysetup-gfx-thread-allocator-block-size=16777216"
    "memorysetup-cache-allocator-block-size=4194304"
    "memorysetup-typetree-allocator-block-size=2097152"
    "memorysetup-profiler-bucket-allocator-granularity=16"
    "memorysetup-profiler-bucket-allocator-bucket-count=8"
    "memorysetup-profiler-bucket-allocator-block-size=33554432"
    "memorysetup-profiler-bucket-allocator-block-count=8"
    "memorysetup-profiler-allocator-block-size=16777216"
    "memorysetup-profiler-editor-allocator-block-size=1048576"
    "memorysetup-temp-allocator-size-main=16777216"
    "memorysetup-job-temp-allocator-block-size=2097152"
    "memorysetup-job-temp-allocator-block-size-background=1048576"
    "memorysetup-job-temp-allocator-reduction-small-platforms=262144"
    "memorysetup-allocator-temp-initial-block-size-main=262144"
    "memorysetup-allocator-temp-initial-block-size-worker=262144"
    "memorysetup-temp-allocator-size-background-worker=32768"
    "memorysetup-temp-allocator-size-job-worker=262144"
    "memorysetup-temp-allocator-size-preload-manager=33554432"
    "memorysetup-temp-allocator-size-nav-mesh-worker=65536"
    "memorysetup-temp-allocator-size-audio-worker=65536"
    "memorysetup-temp-allocator-size-cloud-worker=32768"
    "memorysetup-temp-allocator-size-gi-baking-worker=262144"
    "memorysetup-temp-allocator-size-gi-baking-worker=262144"
    "memorysetup-temp-allocator-size-gi-baking-worker=262144"
    "memorysetup-temp-allocator-size-gi-baking-worker=262144"
    "memorysetup-temp-allocator-size-gi-baking-worker=262144"
    "memorysetup-temp-allocator-size-gfx=262144"
Player connection [9532]  Target information:

Player connection [9532]  * "[IP] 10.49.1.208 [Port] 0 [Flags] 2 [Guid] 2620991673 [EditorId] 2620991673 [Version] 1048832 [Id] WindowsEditor(7,DESKTOP-MI71F4O) [Debug] 1 [PackageName] WindowsEditor [ProjectName] Editor" 

Player connection [9532] Host joined multi-casting on [225.0.0.222:54997]...
Player connection [9532] Host joined alternative multi-casting on [225.0.0.222:34997]...
JobSystem: Creating JobQueue using job-worker-count value 5
Input System module state changed to: Initialized.
[Physics::Module] Initialized fallback backend.
[Physics::Module] Id: 0xdecafbad
Library Redirect Path: Library/
[Physics::Module] Selected backend.
[Physics::Module] Name: PhysX
[Physics::Module] Id: 0xf2b8ea05
[Physics::Module] SDK Version: 4.1.2
[Physics::Module] Integration Version: 1.0.0
[Physics::Module] Threading Mode: Multi-Threaded
Refreshing native plugins compatible for Editor in 2.19 ms, found 4 plugins.
Preloading 0 native plugins for Editor in 0.00 ms.
Initialize engine version: 6000.0.55f1 (c5f59906196d)
[Subsystems] Discovering subsystems at path C:/Program Files/Unity/Hub/Editor/6000.0.55f1/Editor/Data/Resources/UnitySubsystems
[Subsystems] Discovering subsystems at path C:/UnityProjects/SoftBoys/Assets
GfxDevice: creating device client; kGfxThreadingModeNonThreaded
Direct3D:
    Version:  Direct3D 11.0 [level 11.1]
    Renderer: NVIDIA GeForce RTX 4060 Laptop GPU (ID=0x28a0)
    Vendor:   NVIDIA
    VRAM:     7957 MB
    Driver:   32.0.15.8129
Initialize mono
Mono path[0] = 'C:/Program Files/Unity/Hub/Editor/6000.0.55f1/Editor/Data/Managed'
Mono path[1] = 'C:/Program Files/Unity/Hub/Editor/6000.0.55f1/Editor/Data/MonoBleedingEdge/lib/mono/unityjit-win32'
Mono config path = 'C:/Program Files/Unity/Hub/Editor/6000.0.55f1/Editor/Data/MonoBleedingEdge/etc'
Using monoOptions --debugger-agent=transport=dt_socket,embedding=1,server=y,suspend=n,address=127.0.0.1:56944
Begin MonoManager ReloadAssembly
Registering precompiled unity dll's ...
Register platform support module: C:/Program Files/Unity/Hub/Editor/6000.0.55f1/Editor/Data/PlaybackEngines/WindowsStandaloneSupport/UnityEditor.WindowsStandalone.Extensions.dll
Register platform support module: C:/Program Files/Unity/Hub/Editor/6000.0.55f1/Editor/Data/PlaybackEngines/MetroSupport/UnityEditor.UWP.Extensions.dll
Registered in 0.002807 seconds.
- Loaded All Assemblies, in  0.272 seconds
Native extension for UWP target not found
Native extension for WindowsStandalone target not found
Mono: successfully reloaded assembly
- Finished resetting the current domain, in  0.273 seconds
Domain Reload Profiling: 544ms
	BeginReloadAssembly (88ms)
		ExecutionOrderSort (0ms)
		DisableScriptedObjects (0ms)
		BackupInstance (0ms)
		ReleaseScriptingObjects (0ms)
		CreateAndSetChildDomain (1ms)
	RebuildCommonClasses (26ms)
	RebuildNativeTypeToScriptingClass (9ms)
	initialDomainReloadingComplete (36ms)
	LoadAllAssembliesAndSetupDomain (111ms)
		LoadAssemblies (87ms)
		RebuildTransferFunctionScriptingTraits (0ms)
		AnalyzeDomain (108ms)
			TypeCache.Refresh (107ms)
				TypeCache.ScanAssembly (97ms)
			BuildScriptInfoCaches (0ms)
			ResolveRequiredComponents (0ms)
	FinalizeReload (273ms)
		ReleaseScriptCaches (0ms)
		RebuildScriptCaches (0ms)
		SetupLoadedEditorAssemblies (234ms)
			LogAssemblyErrors (0ms)
			InitializePlatformSupportModulesInManaged (17ms)
			SetLoadedEditorAssemblies (3ms)
			BeforeProcessingInitializeOnLoad (46ms)
			ProcessInitializeOnLoadAttributes (120ms)
			ProcessInitializeOnLoadMethodAttributes (48ms)
			AfterProcessingInitializeOnLoad (0ms)
			EditorAssembliesLoaded (0ms)
		ExecutionOrderSort2 (0ms)
		AwakeInstancesAfterBackupRestoration (0ms)
Assembly reference Packages/com.unity.cinemachine/Editor/Samples/ExposeHDRPInternals/HDRP-Editor-ref.asmref has no target assembly definition
========================================================================
Worker process is ready to serve import requests
Import Worker Mode flag is 0x00
Assembly reference Packages/com.unity.cinemachine/Editor/Samples/ExposeHDRPInternals/HDRP-Editor-ref.asmref has no target assembly definition
Assembly reference Packages/com.unity.cinemachine/Editor/Samples/ExposeHDRPInternals/HDRP-Editor-ref.asmref has no target assembly definition
Begin MonoManager ReloadAssembly
- Loaded All Assemblies, in  0.653 seconds
Assembly reference Packages/com.unity.cinemachine/Editor/Samples/ExposeHDRPInternals/HDRP-Editor-ref.asmref has no target assembly definition
'Packages/com.unity.cinemachine/Editor/Obsolete/CinemachineVirtualCameraBaseEditor.cs' contains partial class of Unity.Object, exactly 1 of the partial classes needs to be in a file with the same filename. This is to know the one that can be referenced from ie. GameObjects
'Packages/com.unity.cinemachine/Editor/Editors/CinemachineVirtualCameraBaseEditor.cs' contains partial class of Unity.Object, exactly 1 of the partial classes needs to be in a file with the same filename. This is to know the one that can be referenced from ie. GameObjects
Refreshing native plugins compatible for Editor in 1.47 ms, found 4 plugins.
Native extension for UWP target not found
Native extension for WindowsStandalone target not found
Assembly reference Packages/com.unity.cinemachine/Editor/Samples/ExposeHDRPInternals/HDRP-Editor-ref.asmref has no target assembly definition
Package Manager log level set to [2]
[Package Manager] Failed to launch server process. Reason: Unity was launched with the -noUpm command-line argument
[Package Manager] Unable to send message (not connected to server process).
[Package Manager] Cannot connect to Unity Package Manager local server
Mono: successfully reloaded assembly
- Finished resetting the current domain, in  0.612 seconds
Domain Reload Profiling: 1262ms
	BeginReloadAssembly (142ms)
		ExecutionOrderSort (0ms)
		DisableScriptedObjects (4ms)
		BackupInstance (0ms)
		ReleaseScriptingObjects (0ms)
		CreateAndSetChildDomain (31ms)
	RebuildCommonClasses (32ms)
	RebuildNativeTypeToScriptingClass (11ms)
	initialDomainReloadingComplete (33ms)
	LoadAllAssembliesAndSetupDomain (432ms)
		LoadAssemblies (286ms)
		RebuildTransferFunctionScriptingTraits (0ms)
		AnalyzeDomain (222ms)
			TypeCache.Refresh (154ms)
				TypeCache.ScanAssembly (142ms)
			BuildScriptInfoCaches (54ms)
			ResolveRequiredComponents (10ms)
	FinalizeReload (612ms)
		ReleaseScriptCaches (0ms)
		RebuildScriptCaches (0ms)
		SetupLoadedEditorAssemblies (488ms)
			LogAssemblyErrors (0ms)
			InitializePlatformSupportModulesInManaged (2ms)
			SetLoadedEditorAssemblies (3ms)
			BeforeProcessingInitializeOnLoad (99ms)
			ProcessInitializeOnLoadAttributes (298ms)
			ProcessInitializeOnLoadMethodAttributes (82ms)
			AfterProcessingInitializeOnLoad (3ms)
			EditorAssembliesLoaded (0ms)
		ExecutionOrderSort2 (0ms)
		AwakeInstancesAfterBackupRestoration (7ms)
Launched and connected shader compiler UnityShaderCompiler.exe after 0.01 seconds
Refreshing native plugins compatible for Editor in 1.10 ms, found 4 plugins.
Preloading 0 native plugins for Editor in 0.00 ms.
Unloading 34 Unused Serialized files (Serialized files now loaded: 0)
Unloading 7142 unused Assets / (6.5 MB). Loaded Objects now: 7827.
Memory consumption went from 152.0 MB to 145.5 MB.
Total: 7.939000 ms (FindLiveObjects: 0.677900 ms CreateObjectMapping: 0.239400 ms MarkObjects: 4.139300 ms  DeleteObjects: 2.881500 ms)

========================================================================
Received Import Request.
  Time since last request: 428931.299050 seconds.
  path: Assets/IMPORTED/Assets/Sprites/0x72_16x16RobotTileset.v1_145.asset
  artifactKey: Guid(31f07decfb691034299130a618b0d664) Importer(815301076,1909f56bfc062723c751e8b465ee728b)
Start importing Assets/IMPORTED/Assets/Sprites/0x72_16x16RobotTileset.v1_145.asset using Guid(31f07decfb691034299130a618b0d664) Importer(815301076,1909f56bfc062723c751e8b465ee728b) (PreviewImporter) -> (artifact id: '77002f6c5a3c7d8963364efdc3fb5ddd') in 0.031659 seconds
Number of updated asset objects reloaded before import = 0Number of asset objects unloaded after import = 1

========================================================================
Received Import Request.
  Time since last request: 0.000018 seconds.
  path: Assets/IMPORTED/Assets/Sprites/0x72_16x16RobotTileset.v1_178.asset
  artifactKey: Guid(31ca545283b948742905ce957fea88d5) Importer(815301076,1909f56bfc062723c751e8b465ee728b)
Start importing Assets/IMPORTED/Assets/Sprites/0x72_16x16RobotTileset.v1_178.asset using Guid(31ca545283b948742905ce957fea88d5) Importer(815301076,1909f56bfc062723c751e8b465ee728b) (PreviewImporter) -> (artifact id: '6e79cff3059dd23ecbb0d28f83bf0c9f') in 0.0019031 seconds
Number of updated asset objects reloaded before import = 0Number of asset objects unloaded after import = 1

========================================================================
Received Import Request.
  Time since last request: 0.000017 seconds.
  path: Assets/IMPORTED/Assets/Sprites/0x72_16x16RobotTileset.v1_180.asset
  artifactKey: Guid(582f8a97aa49c9a4bbd90d2c86154f3f) Importer(815301076,1909f56bfc062723c751e8b465ee728b)
Start importing Assets/IMPORTED/Assets/Sprites/0x72_16x16RobotTileset.v1_180.asset using Guid(582f8a97aa49c9a4bbd90d2c86154f3f) Importer(815301076,1909f56bfc062723c751e8b465ee728b) (PreviewImporter) -> (artifact id: '70925c415fdcddc403129bbba8a280da') in 0.0020743 seconds
Number of updated asset objects reloaded before import = 0Number of asset objects unloaded after import = 1

========================================================================
Received Import Request.
  Time since last request: 0.000016 seconds.
  path: Assets/IMPORTED/Assets/Sprites/0x72_16x16RobotTileset.v1_179.asset
  artifactKey: Guid(db9ad9fe48d676a4f9cfb4b3e28e5eda) Importer(815301076,1909f56bfc062723c751e8b465ee728b)
Start importing Assets/IMPORTED/Assets/Sprites/0x72_16x16RobotTileset.v1_179.asset using Guid(db9ad9fe48d676a4f9cfb4b3e28e5eda) Importer(815301076,1909f56bfc062723c751e8b465ee728b) (PreviewImporter) -> (artifact id: '37147655d85efe80290833010d46ffa6') in 0.0023405 seconds
Number of updated asset objects reloaded before import = 0Number of asset objects unloaded after import = 1

========================================================================
Received Import Request.
  Time since last request: 0.000016 seconds.
  path: Assets/IMPORTED/Assets/Sprites/0x72_16x16RobotTileset.v1_159.asset
  artifactKey: Guid(63cde4d551f49894781b15491b2291a7) Importer(815301076,1909f56bfc062723c751e8b465ee728b)
Start importing Assets/IMPORTED/Assets/Sprites/0x72_16x16RobotTileset.v1_159.asset using Guid(63cde4d551f49894781b15491b2291a7) Importer(815301076,1909f56bfc062723c751e8b465ee728b) (PreviewImporter) -> (artifact id: 'f030439aea454c11b7d187b45248b0a6') in 0.0021283 seconds
Number of updated asset objects reloaded before import = 0Number of asset objects unloaded after import = 1

========================================================================
Received Import Request.
  Time since last request: 1.282990 seconds.
  path: Assets/IMPORTED/Assets/Sprites/0x72_16x16RobotTileset.v1_183.asset
  artifactKey: Guid(b09d4e0a56c57f14287dedbeb2cc35d8) Importer(815301076,1909f56bfc062723c751e8b465ee728b)
Start importing Assets/IMPORTED/Assets/Sprites/0x72_16x16RobotTileset.v1_183.asset using Guid(b09d4e0a56c57f14287dedbeb2cc35d8) Importer(815301076,1909f56bfc062723c751e8b465ee728b) (PreviewImporter) -> (artifact id: '3e4bae06d23d766be869f3e01df05a30') in 0.0023862 seconds
Number of updated asset objects reloaded before import = 0Number of asset objects unloaded after import = 1

========================================================================
Received Import Request.
  Time since last request: 0.000016 seconds.
  path: Assets/IMPORTED/Assets/Sprites/0x72_16x16RobotTileset.v1_287.asset
  artifactKey: Guid(f5a61bf1e57667d4ea5601e1bd4253fc) Importer(815301076,1909f56bfc062723c751e8b465ee728b)
Start importing Assets/IMPORTED/Assets/Sprites/0x72_16x16RobotTileset.v1_287.asset using Guid(f5a61bf1e57667d4ea5601e1bd4253fc) Importer(815301076,1909f56bfc062723c751e8b465ee728b) (PreviewImporter) -> (artifact id: '20fe28853a87b322d33cd36b880841bb') in 0.0029515 seconds
Number of updated asset objects reloaded before import = 0Number of asset objects unloaded after import = 1

========================================================================
Received Import Request.
  Time since last request: 0.000016 seconds.
  path: Assets/IMPORTED/Assets/Sprites/0x72_16x16RobotTileset.v1_285.asset
  artifactKey: Guid(54e29bb586aef3a488df3a849e4af9b3) Importer(815301076,1909f56bfc062723c751e8b465ee728b)
Start importing Assets/IMPORTED/Assets/Sprites/0x72_16x16RobotTileset.v1_285.asset using Guid(54e29bb586aef3a488df3a849e4af9b3) Importer(815301076,1909f56bfc062723c751e8b465ee728b) (PreviewImporter) -> (artifact id: '3e3e2f68f7a6071c2dd09f29d6ad3462') in 0.0019072 seconds
Number of updated asset objects reloaded before import = 0Number of asset objects unloaded after import = 1

========================================================================
Received Import Request.
  Time since last request: 0.000019 seconds.
  path: Assets/IMPORTED/Assets/Sprites/2933715.png
  artifactKey: Guid(14961bd935c0dee47afc21e3d317b8df) Importer(815301076,1909f56bfc062723c751e8b465ee728b)
Start importing Assets/IMPORTED/Assets/Sprites/2933715.png using Guid(14961bd935c0dee47afc21e3d317b8df) Importer(815301076,1909f56bfc062723c751e8b465ee728b) (PreviewImporter) -> (artifact id: 'aecdefca3b36be5517472d85c329c02c') in 0.0371055 seconds
Number of updated asset objects reloaded before import = 0Number of asset objects unloaded after import = 2

========================================================================
Received Import Request.
  Time since last request: 0.000020 seconds.
  path: Assets/IMPORTED/Assets/Sprites/16-bit-spike-Sheet_2.asset
  artifactKey: Guid(eb3ed1cbf0745584abd8f5ade8ece861) Importer(815301076,1909f56bfc062723c751e8b465ee728b)
Start importing Assets/IMPORTED/Assets/Sprites/16-bit-spike-Sheet_2.asset using Guid(eb3ed1cbf0745584abd8f5ade8ece861) Importer(815301076,1909f56bfc062723c751e8b465ee728b) (PreviewImporter) -> (artifact id: '32c93028aaaeb392ef3deb8e83f24746') in 0.0383867 seconds
Number of updated asset objects reloaded before import = 0Number of asset objects unloaded after import = 3

========================================================================
Received Import Request.
  Time since last request: 0.000034 seconds.
  path: Assets/IMPORTED/Assets/Sprites/chocolate_ice_cream_tile_left_edge_base.asset
  artifactKey: Guid(e60d5481bc1396a4d9cdb2cfb795385e) Importer(815301076,1909f56bfc062723c751e8b465ee728b)
Start importing Assets/IMPORTED/Assets/Sprites/chocolate_ice_cream_tile_left_edge_base.asset using Guid(e60d5481bc1396a4d9cdb2cfb795385e) Importer(815301076,1909f56bfc062723c751e8b465ee728b) (PreviewImporter) -> (artifact id: 'b30b8deb65a62b5efd9e4b024a96e651') in 0.0145262 seconds
Number of updated asset objects reloaded before import = 0Number of asset objects unloaded after import = 3

========================================================================
Received Import Request.
  Time since last request: 0.000017 seconds.
  path: Assets/IMPORTED/Assets/Sprites/chocolate_ice_cream_tile_inner_left_end_topping.asset
  artifactKey: Guid(17f3e6b63b7e6a7438dd31a5e97d5eac) Importer(815301076,1909f56bfc062723c751e8b465ee728b)
Start importing Assets/IMPORTED/Assets/Sprites/chocolate_ice_cream_tile_inner_left_end_topping.asset using Guid(17f3e6b63b7e6a7438dd31a5e97d5eac) Importer(815301076,1909f56bfc062723c751e8b465ee728b) (PreviewImporter) -> (artifact id: 'c7b1d994c8f54fa5f5f8c2e2ef3bca40') in 0.0143078 seconds
Number of updated asset objects reloaded before import = 0Number of asset objects unloaded after import = 3

========================================================================
Received Import Request.
  Time since last request: 0.000014 seconds.
  path: Assets/IMPORTED/Assets/Sprites/chocolate_ice_cream_tile_left_vertical_edge.asset
  artifactKey: Guid(b7781588737917546996514ae13292e9) Importer(815301076,1909f56bfc062723c751e8b465ee728b)
Start importing Assets/IMPORTED/Assets/Sprites/chocolate_ice_cream_tile_left_vertical_edge.asset using Guid(b7781588737917546996514ae13292e9) Importer(815301076,1909f56bfc062723c751e8b465ee728b) (PreviewImporter) -> (artifact id: 'e93279ec5554a5292167ab5f6aa15b91') in 0.0131017 seconds
Number of updated asset objects reloaded before import = 0Number of asset objects unloaded after import = 3

========================================================================
Received Import Request.
  Time since last request: 0.354443 seconds.
  path: Assets/IMPORTED/Assets/Sprites/chocolate_ice_cream_tile_right_edge_base.asset
  artifactKey: Guid(a398d97dd30aeb646b6dea191cccf757) Importer(815301076,1909f56bfc062723c751e8b465ee728b)
Start importing Assets/IMPORTED/Assets/Sprites/chocolate_ice_cream_tile_right_edge_base.asset using Guid(a398d97dd30aeb646b6dea191cccf757) Importer(815301076,1909f56bfc062723c751e8b465ee728b) (PreviewImporter) -> (artifact id: '731b7fe6c21ee3ecc4ae6642d2729593') in 0.0126256 seconds
Number of updated asset objects reloaded before import = 0Number of asset objects unloaded after import = 3

========================================================================
Received Import Request.
  Time since last request: 0.000014 seconds.
  path: Assets/IMPORTED/Assets/Sprites/chocolate_ice_cream_tile_right_end_top.asset
  artifactKey: Guid(db2c26f9c5b6f95499b28736013aea94) Importer(815301076,1909f56bfc062723c751e8b465ee728b)
Start importing Assets/IMPORTED/Assets/Sprites/chocolate_ice_cream_tile_right_end_top.asset using Guid(db2c26f9c5b6f95499b28736013aea94) Importer(815301076,1909f56bfc062723c751e8b465ee728b) (PreviewImporter) -> (artifact id: '2849815bda69cead32bfb262c41013fb') in 0.0128084 seconds
Number of updated asset objects reloaded before import = 0Number of asset objects unloaded after import = 3

========================================================================
Received Import Request.
  Time since last request: 0.000017 seconds.
  path: Assets/IMPORTED/Assets/Sprites/chocolate_ice_cream_tile_right_vertical_edge.asset
  artifactKey: Guid(2be723b30f3512b408e43bce8288c5b5) Importer(815301076,1909f56bfc062723c751e8b465ee728b)
Start importing Assets/IMPORTED/Assets/Sprites/chocolate_ice_cream_tile_right_vertical_edge.asset using Guid(2be723b30f3512b408e43bce8288c5b5) Importer(815301076,1909f56bfc062723c751e8b465ee728b) (PreviewImporter) -> (artifact id: 'b6a28114c682fce0a290e5a76516fc37') in 0.0121378 seconds
Number of updated asset objects reloaded before import = 0Number of asset objects unloaded after import = 3

========================================================================
Received Import Request.
  Time since last request: 11.208698 seconds.
  path: Assets/IMPORTED/Assets/Sprites/chocolate_ice_cream_tile_shallow_slope_start_right.asset
  artifactKey: Guid(dedb5feda3c48324495496b03535296b) Importer(815301076,1909f56bfc062723c751e8b465ee728b)
Start importing Assets/IMPORTED/Assets/Sprites/chocolate_ice_cream_tile_shallow_slope_start_right.asset using Guid(dedb5feda3c48324495496b03535296b) Importer(815301076,1909f56bfc062723c751e8b465ee728b) (PreviewImporter) -> (artifact id: '0f6da3a29341d45cd6c68fa14f9290ae') in 0.0119528 seconds
Number of updated asset objects reloaded before import = 0Number of asset objects unloaded after import = 3

========================================================================
Received Import Request.
  Time since last request: 0.000013 seconds.
  path: Assets/IMPORTED/Assets/Sprites/chocolate_ice_cream_tile_steep_slope_start_left.asset
  artifactKey: Guid(b751f297c73e7a44b94708761d88279e) Importer(815301076,1909f56bfc062723c751e8b465ee728b)
Start importing Assets/IMPORTED/Assets/Sprites/chocolate_ice_cream_tile_steep_slope_start_left.asset using Guid(b751f297c73e7a44b94708761d88279e) Importer(815301076,1909f56bfc062723c751e8b465ee728b) (PreviewImporter) -> (artifact id: '860a2029ba2f2d926479a51cd04d4c57') in 0.0127532 seconds
Number of updated asset objects reloaded before import = 0Number of asset objects unloaded after import = 3

========================================================================
Received Import Request.
  Time since last request: 0.000013 seconds.
  path: Assets/IMPORTED/Assets/Sprites/chocolate_ice_cream_tile_single_pillar_base.asset
  artifactKey: Guid(14cbf1fae63f75f4c9649e74f3ffd231) Importer(815301076,1909f56bfc062723c751e8b465ee728b)
Start importing Assets/IMPORTED/Assets/Sprites/chocolate_ice_cream_tile_single_pillar_base.asset using Guid(14cbf1fae63f75f4c9649e74f3ffd231) Importer(815301076,1909f56bfc062723c751e8b465ee728b) (PreviewImporter) -> (artifact id: 'a36d204a28e136a25b158e78e366a177') in 0.0121725 seconds
Number of updated asset objects reloaded before import = 0Number of asset objects unloaded after import = 3

========================================================================
Received Import Request.
  Time since last request: 4.048047 seconds.
  path: Assets/IMPORTED/Assets/Sprites/chocolate_ice_cream_tile_top_left_outer.asset
  artifactKey: Guid(72e5a6618e3cb87479a1a4b03b1710a8) Importer(815301076,1909f56bfc062723c751e8b465ee728b)
Start importing Assets/IMPORTED/Assets/Sprites/chocolate_ice_cream_tile_top_left_outer.asset using Guid(72e5a6618e3cb87479a1a4b03b1710a8) Importer(815301076,1909f56bfc062723c751e8b465ee728b) (PreviewImporter) -> (artifact id: '43661656e01c038efc7c8d69c685f794') in 0.0123933 seconds
Number of updated asset objects reloaded before import = 0Number of asset objects unloaded after import = 3

========================================================================
Received Import Request.
  Time since last request: 0.000013 seconds.
  path: Assets/IMPORTED/Assets/Sprites/chocolate_ice_cream_tile_top_version_3.asset
  artifactKey: Guid(9727d42254cc930429f99424f18484b4) Importer(815301076,1909f56bfc062723c751e8b465ee728b)
Start importing Assets/IMPORTED/Assets/Sprites/chocolate_ice_cream_tile_top_version_3.asset using Guid(9727d42254cc930429f99424f18484b4) Importer(815301076,1909f56bfc062723c751e8b465ee728b) (PreviewImporter) -> (artifact id: 'f8421c1d3bbc93ac5f3a8fae2492ada2') in 0.0134763 seconds
Number of updated asset objects reloaded before import = 0Number of asset objects unloaded after import = 3

Editor requested this worker to shutdown with reason: Scaling down because of idle timeout
AssetImportWorker is now disconnected from the server
Process exiting
Exiting without the bug reporter. Application will terminate with return code 0