Using pre-set license
Built from '6000.0/staging' branch; Version is '6000.0.55f1 (c5f59906196d) revision 12973465'; Using compiler version '193933523'; Build Type 'Release'
OS: 'Windows 11  (10.0.26100) 64bit Professional' Language: 'en' Physical Memory: 15654 MB
BatchMode: 1, IsHumanControllingUs: 0, StartBugReporterOnCrash: 0, Is64bit: 1
Date: 2025-09-21T07:57:18Z

COMMAND LINE ARGUMENTS:
C:\Program Files\Unity\Hub\Editor\6000.0.55f1\Editor\Unity.exe
-adb2
-batchMode
-noUpm
-name
AssetImportWorker0
-projectPath
C:/UnityProjects/SoftBoys
-logFile
Logs/AssetImportWorker0.log
-srvPort
55544
-job-worker-count
5
-background-job-worker-count
8
-gc-helper-count
1
Successfully changed project path to: C:/UnityProjects/SoftBoys
C:/UnityProjects/SoftBoys
[UnityMemory] Configuration Parameters - Can be set up in boot.config
    "memorysetup-bucket-allocator-granularity=16"
    "memorysetup-bucket-allocator-bucket-count=8"
    "memorysetup-bucket-allocator-block-size=33554432"
    "memorysetup-bucket-allocator-block-count=8"
    "memorysetup-main-allocator-block-size=16777216"
    "memorysetup-thread-allocator-block-size=16777216"
    "memorysetup-gfx-main-allocator-block-size=16777216"
    "memorysetup-gfx-thread-allocator-block-size=16777216"
    "memorysetup-cache-allocator-block-size=4194304"
    "memorysetup-typetree-allocator-block-size=2097152"
    "memorysetup-profiler-bucket-allocator-granularity=16"
    "memorysetup-profiler-bucket-allocator-bucket-count=8"
    "memorysetup-profiler-bucket-allocator-block-size=33554432"
    "memorysetup-profiler-bucket-allocator-block-count=8"
    "memorysetup-profiler-allocator-block-size=16777216"
    "memorysetup-profiler-editor-allocator-block-size=1048576"
    "memorysetup-temp-allocator-size-main=16777216"
    "memorysetup-job-temp-allocator-block-size=2097152"
    "memorysetup-job-temp-allocator-block-size-background=1048576"
    "memorysetup-job-temp-allocator-reduction-small-platforms=262144"
    "memorysetup-allocator-temp-initial-block-size-main=262144"
    "memorysetup-allocator-temp-initial-block-size-worker=262144"
    "memorysetup-temp-allocator-size-background-worker=32768"
    "memorysetup-temp-allocator-size-job-worker=262144"
    "memorysetup-temp-allocator-size-preload-manager=33554432"
    "memorysetup-temp-allocator-size-nav-mesh-worker=65536"
    "memorysetup-temp-allocator-size-audio-worker=65536"
    "memorysetup-temp-allocator-size-cloud-worker=32768"
    "memorysetup-temp-allocator-size-gi-baking-worker=262144"
    "memorysetup-temp-allocator-size-gi-baking-worker=262144"
    "memorysetup-temp-allocator-size-gi-baking-worker=262144"
    "memorysetup-temp-allocator-size-gi-baking-worker=262144"
    "memorysetup-temp-allocator-size-gi-baking-worker=262144"
    "memorysetup-temp-allocator-size-gfx=262144"
Player connection [18164]  Target information:

Player connection [18164]  * "[IP] 10.49.1.208 [Port] 0 [Flags] 2 [Guid] 1306553169 [EditorId] 1306553169 [Version] 1048832 [Id] WindowsEditor(7,DESKTOP-MI71F4O) [Debug] 1 [PackageName] WindowsEditor [ProjectName] Editor" 

Player connection [18164] Host joined multi-casting on [225.0.0.222:54997]...
Player connection [18164] Host joined alternative multi-casting on [225.0.0.222:34997]...
JobSystem: Creating JobQueue using job-worker-count value 5
Input System module state changed to: Initialized.
[Physics::Module] Initialized fallback backend.
[Physics::Module] Id: 0xdecafbad
Library Redirect Path: Library/
[Physics::Module] Selected backend.
[Physics::Module] Name: PhysX
[Physics::Module] Id: 0xf2b8ea05
[Physics::Module] SDK Version: 4.1.2
[Physics::Module] Integration Version: 1.0.0
[Physics::Module] Threading Mode: Multi-Threaded
Refreshing native plugins compatible for Editor in 1.67 ms, found 4 plugins.
Preloading 0 native plugins for Editor in 0.00 ms.
Initialize engine version: 6000.0.55f1 (c5f59906196d)
[Subsystems] Discovering subsystems at path C:/Program Files/Unity/Hub/Editor/6000.0.55f1/Editor/Data/Resources/UnitySubsystems
[Subsystems] Discovering subsystems at path C:/UnityProjects/SoftBoys/Assets
GfxDevice: creating device client; kGfxThreadingModeNonThreaded
Direct3D:
    Version:  Direct3D 11.0 [level 11.1]
    Renderer: NVIDIA GeForce RTX 4060 Laptop GPU (ID=0x28a0)
    Vendor:   NVIDIA
    VRAM:     7957 MB
    Driver:   32.0.15.8129
Initialize mono
Mono path[0] = 'C:/Program Files/Unity/Hub/Editor/6000.0.55f1/Editor/Data/Managed'
Mono path[1] = 'C:/Program Files/Unity/Hub/Editor/6000.0.55f1/Editor/Data/MonoBleedingEdge/lib/mono/unityjit-win32'
Mono config path = 'C:/Program Files/Unity/Hub/Editor/6000.0.55f1/Editor/Data/MonoBleedingEdge/etc'
Using monoOptions --debugger-agent=transport=dt_socket,embedding=1,server=y,suspend=n,address=127.0.0.1:56660
Begin MonoManager ReloadAssembly
Registering precompiled unity dll's ...
Register platform support module: C:/Program Files/Unity/Hub/Editor/6000.0.55f1/Editor/Data/PlaybackEngines/WindowsStandaloneSupport/UnityEditor.WindowsStandalone.Extensions.dll
Register platform support module: C:/Program Files/Unity/Hub/Editor/6000.0.55f1/Editor/Data/PlaybackEngines/MetroSupport/UnityEditor.UWP.Extensions.dll
Registered in 0.003194 seconds.
- Loaded All Assemblies, in  0.526 seconds
Native extension for UWP target not found
Native extension for WindowsStandalone target not found
Mono: successfully reloaded assembly
- Finished resetting the current domain, in  0.898 seconds
Domain Reload Profiling: 1422ms
	BeginReloadAssembly (149ms)
		ExecutionOrderSort (0ms)
		DisableScriptedObjects (0ms)
		BackupInstance (0ms)
		ReleaseScriptingObjects (0ms)
		CreateAndSetChildDomain (1ms)
	RebuildCommonClasses (33ms)
	RebuildNativeTypeToScriptingClass (14ms)
	initialDomainReloadingComplete (69ms)
	LoadAllAssembliesAndSetupDomain (258ms)
		LoadAssemblies (145ms)
		RebuildTransferFunctionScriptingTraits (0ms)
		AnalyzeDomain (254ms)
			TypeCache.Refresh (252ms)
				TypeCache.ScanAssembly (233ms)
			BuildScriptInfoCaches (0ms)
			ResolveRequiredComponents (1ms)
	FinalizeReload (898ms)
		ReleaseScriptCaches (0ms)
		RebuildScriptCaches (0ms)
		SetupLoadedEditorAssemblies (849ms)
			LogAssemblyErrors (0ms)
			InitializePlatformSupportModulesInManaged (55ms)
			SetLoadedEditorAssemblies (29ms)
			BeforeProcessingInitializeOnLoad (186ms)
			ProcessInitializeOnLoadAttributes (432ms)
			ProcessInitializeOnLoadMethodAttributes (147ms)
			AfterProcessingInitializeOnLoad (0ms)
			EditorAssembliesLoaded (0ms)
		ExecutionOrderSort2 (0ms)
		AwakeInstancesAfterBackupRestoration (0ms)
Assembly reference Packages/com.unity.cinemachine/Editor/Samples/ExposeHDRPInternals/HDRP-Editor-ref.asmref has no target assembly definition
========================================================================
Worker process is ready to serve import requests
Import Worker Mode flag is 0x00
Assembly reference Packages/com.unity.cinemachine/Editor/Samples/ExposeHDRPInternals/HDRP-Editor-ref.asmref has no target assembly definition
Assembly reference Packages/com.unity.cinemachine/Editor/Samples/ExposeHDRPInternals/HDRP-Editor-ref.asmref has no target assembly definition
Begin MonoManager ReloadAssembly
- Loaded All Assemblies, in  1.088 seconds
Assembly reference Packages/com.unity.cinemachine/Editor/Samples/ExposeHDRPInternals/HDRP-Editor-ref.asmref has no target assembly definition
'Packages/com.unity.cinemachine/Editor/Obsolete/CinemachineVirtualCameraBaseEditor.cs' contains partial class of Unity.Object, exactly 1 of the partial classes needs to be in a file with the same filename. This is to know the one that can be referenced from ie. GameObjects
'Packages/com.unity.cinemachine/Editor/Editors/CinemachineVirtualCameraBaseEditor.cs' contains partial class of Unity.Object, exactly 1 of the partial classes needs to be in a file with the same filename. This is to know the one that can be referenced from ie. GameObjects
Refreshing native plugins compatible for Editor in 1.70 ms, found 4 plugins.
Native extension for UWP target not found
Native extension for WindowsStandalone target not found
Assembly reference Packages/com.unity.cinemachine/Editor/Samples/ExposeHDRPInternals/HDRP-Editor-ref.asmref has no target assembly definition
Package Manager log level set to [2]
[Package Manager] Failed to launch server process. Reason: Unity was launched with the -noUpm command-line argument
[Package Manager] Unable to send message (not connected to server process).
[Package Manager] Cannot connect to Unity Package Manager local server
Mono: successfully reloaded assembly
- Finished resetting the current domain, in  0.905 seconds
Domain Reload Profiling: 1989ms
	BeginReloadAssembly (301ms)
		ExecutionOrderSort (0ms)
		DisableScriptedObjects (24ms)
		BackupInstance (0ms)
		ReleaseScriptingObjects (0ms)
		CreateAndSetChildDomain (35ms)
	RebuildCommonClasses (78ms)
	RebuildNativeTypeToScriptingClass (17ms)
	initialDomainReloadingComplete (50ms)
	LoadAllAssembliesAndSetupDomain (637ms)
		LoadAssemblies (507ms)
		RebuildTransferFunctionScriptingTraits (0ms)
		AnalyzeDomain (276ms)
			TypeCache.Refresh (206ms)
				TypeCache.ScanAssembly (193ms)
			BuildScriptInfoCaches (56ms)
			ResolveRequiredComponents (10ms)
	FinalizeReload (905ms)
		ReleaseScriptCaches (0ms)
		RebuildScriptCaches (0ms)
		SetupLoadedEditorAssemblies (762ms)
			LogAssemblyErrors (0ms)
			InitializePlatformSupportModulesInManaged (2ms)
			SetLoadedEditorAssemblies (5ms)
			BeforeProcessingInitializeOnLoad (164ms)
			ProcessInitializeOnLoadAttributes (450ms)
			ProcessInitializeOnLoadMethodAttributes (137ms)
			AfterProcessingInitializeOnLoad (3ms)
			EditorAssembliesLoaded (0ms)
		ExecutionOrderSort2 (0ms)
		AwakeInstancesAfterBackupRestoration (7ms)
Launched and connected shader compiler UnityShaderCompiler.exe after 0.01 seconds
Refreshing native plugins compatible for Editor in 3.14 ms, found 4 plugins.
Preloading 0 native plugins for Editor in 0.00 ms.
Unloading 34 Unused Serialized files (Serialized files now loaded: 0)
Unloading 7100 unused Assets / (6.6 MB). Loaded Objects now: 7771.
Memory consumption went from 146.9 MB to 140.3 MB.
Total: 14.641000 ms (FindLiveObjects: 1.651000 ms CreateObjectMapping: 0.943100 ms MarkObjects: 6.698400 ms  DeleteObjects: 5.346600 ms)

========================================================================
Received Import Request.
  Time since last request: 427336.706832 seconds.
  path: Assets/Textures/Marshmallows
  artifactKey: Guid(23ff397dc6421c644965f9c0ad9487c8) Importer(815301076,1909f56bfc062723c751e8b465ee728b)
Start importing Assets/Textures/Marshmallows using Guid(23ff397dc6421c644965f9c0ad9487c8) Importer(815301076,1909f56bfc062723c751e8b465ee728b) (PreviewImporter) -> (artifact id: '6458df461e5612fc3a936638f13ae504') in 0.0182463 seconds
Number of updated asset objects reloaded before import = 0Number of asset objects unloaded after import = 0

========================================================================
Received Import Request.
  Time since last request: 0.000074 seconds.
  path: Assets/Textures/Marshmallows/m1.png
  artifactKey: Guid(1b788b01b5267ae4fb9ccf542ff45b72) Importer(815301076,1909f56bfc062723c751e8b465ee728b)
Start importing Assets/Textures/Marshmallows/m1.png using Guid(1b788b01b5267ae4fb9ccf542ff45b72) Importer(815301076,1909f56bfc062723c751e8b465ee728b) (PreviewImporter) -> (artifact id: '1be59f29c94e96b19dd31e58800f0bab') in 0.1330239 seconds
Number of updated asset objects reloaded before import = 0Number of asset objects unloaded after import = 3

========================================================================
Received Import Request.
  Time since last request: 0.000053 seconds.
  path: Assets/Textures/Marshmallows/m8.png
  artifactKey: Guid(c07e3d0ab57bc294a88f250ab9128acb) Importer(815301076,1909f56bfc062723c751e8b465ee728b)
Start importing Assets/Textures/Marshmallows/m8.png using Guid(c07e3d0ab57bc294a88f250ab9128acb) Importer(815301076,1909f56bfc062723c751e8b465ee728b) (PreviewImporter) -> (artifact id: 'd26e9b509cb1010f4a97cae0a6dad111') in 0.0185133 seconds
Number of updated asset objects reloaded before import = 0Number of asset objects unloaded after import = 3

========================================================================
Received Import Request.
  Time since last request: 0.000015 seconds.
  path: Assets/Textures/Marshmallows/m4.png
  artifactKey: Guid(90b1d1ba01c92854992ebd6d076ddc94) Importer(815301076,1909f56bfc062723c751e8b465ee728b)
Start importing Assets/Textures/Marshmallows/m4.png using Guid(90b1d1ba01c92854992ebd6d076ddc94) Importer(815301076,1909f56bfc062723c751e8b465ee728b) (PreviewImporter) -> (artifact id: '601d62739857017c947f3d02f9cd86e1') in 0.0188311 seconds
Number of updated asset objects reloaded before import = 0Number of asset objects unloaded after import = 3

========================================================================
Received Import Request.
  Time since last request: 1.192690 seconds.
  path: Assets/Textures/Marshmallows/m0.png
  artifactKey: Guid(6ef8a83c1a9f84d40b0985f3efc813a6) Importer(815301076,1909f56bfc062723c751e8b465ee728b)
Start importing Assets/Textures/Marshmallows/m0.png using Guid(6ef8a83c1a9f84d40b0985f3efc813a6) Importer(815301076,1909f56bfc062723c751e8b465ee728b) (PreviewImporter) -> (artifact id: 'fccdc9620776c2132afa1ca43a9c3da6') in 0.0153231 seconds
Number of updated asset objects reloaded before import = 0Number of asset objects unloaded after import = 3

========================================================================
Received Import Request.
  Time since last request: 14.034514 seconds.
  path: Assets/Textures/Marshmallows/m0.png
  artifactKey: Guid(6ef8a83c1a9f84d40b0985f3efc813a6) Importer(815301076,1909f56bfc062723c751e8b465ee728b)
Start importing Assets/Textures/Marshmallows/m0.png using Guid(6ef8a83c1a9f84d40b0985f3efc813a6) Importer(815301076,1909f56bfc062723c751e8b465ee728b) (PreviewImporter) -> (artifact id: '20364c52a836c8f9e74c3d21d14aa898') in 0.0194796 seconds
Number of updated asset objects reloaded before import = 0Number of asset objects unloaded after import = 3

========================================================================
Received Import Request.
  Time since last request: 0.000020 seconds.
  path: Assets/Textures/Marshmallows/m2.png
  artifactKey: Guid(1f0f9e89255d8a34fbbace208cfa91ea) Importer(815301076,1909f56bfc062723c751e8b465ee728b)
Start importing Assets/Textures/Marshmallows/m2.png using Guid(1f0f9e89255d8a34fbbace208cfa91ea) Importer(815301076,1909f56bfc062723c751e8b465ee728b) (PreviewImporter) -> (artifact id: '3aa8177517ffa5746cd3b264314f77ab') in 0.0212733 seconds
Number of updated asset objects reloaded before import = 0Number of asset objects unloaded after import = 3

========================================================================
Received Import Request.
  Time since last request: 0.000019 seconds.
  path: Assets/Textures/Marshmallows/m5.png
  artifactKey: Guid(234c26b46b16eb14bba739ffed6427c4) Importer(815301076,1909f56bfc062723c751e8b465ee728b)
Start importing Assets/Textures/Marshmallows/m5.png using Guid(234c26b46b16eb14bba739ffed6427c4) Importer(815301076,1909f56bfc062723c751e8b465ee728b) (PreviewImporter) -> (artifact id: '53e4c3a6c93801fc556a4ca262c9305c') in 0.0185499 seconds
Number of updated asset objects reloaded before import = 0Number of asset objects unloaded after import = 3

========================================================================
Received Import Request.
  Time since last request: 0.000026 seconds.
  path: Assets/Textures/Marshmallows/m6.png
  artifactKey: Guid(51d5b700169256d46a4e25589c52c925) Importer(815301076,1909f56bfc062723c751e8b465ee728b)
Start importing Assets/Textures/Marshmallows/m6.png using Guid(51d5b700169256d46a4e25589c52c925) Importer(815301076,1909f56bfc062723c751e8b465ee728b) (PreviewImporter) -> (artifact id: 'e5c989f6c63820917d1fb7ce6576b76f') in 0.0220924 seconds
Number of updated asset objects reloaded before import = 0Number of asset objects unloaded after import = 3

========================================================================
Received Import Request.
  Time since last request: 0.000018 seconds.
  path: Assets/Textures/Marshmallows/m9.png
  artifactKey: Guid(46181f2bc9e1a384b82704aae975fa42) Importer(815301076,1909f56bfc062723c751e8b465ee728b)
Start importing Assets/Textures/Marshmallows/m9.png using Guid(46181f2bc9e1a384b82704aae975fa42) Importer(815301076,1909f56bfc062723c751e8b465ee728b) (PreviewImporter) -> (artifact id: '6944a7d6c9b69aca55d7b50859d945f5') in 0.0437431 seconds
Number of updated asset objects reloaded before import = 0Number of asset objects unloaded after import = 3

========================================================================
Received Import Request.
  Time since last request: 22.268278 seconds.
  path: Assets/Textures/Marshmallows/m1.png
  artifactKey: Guid(1b788b01b5267ae4fb9ccf542ff45b72) Importer(815301076,1909f56bfc062723c751e8b465ee728b)
Start importing Assets/Textures/Marshmallows/m1.png using Guid(1b788b01b5267ae4fb9ccf542ff45b72) Importer(815301076,1909f56bfc062723c751e8b465ee728b) (PreviewImporter) -> (artifact id: '948bd7d284eeb0d417b40875e3645ea2') in 0.016901 seconds
Number of updated asset objects reloaded before import = 0Number of asset objects unloaded after import = 3

========================================================================
Received Import Request.
  Time since last request: 0.000014 seconds.
  path: Assets/Textures/Marshmallows/m7.png
  artifactKey: Guid(63181377359c0c94d91ab1a90301c4a9) Importer(815301076,1909f56bfc062723c751e8b465ee728b)
Start importing Assets/Textures/Marshmallows/m7.png using Guid(63181377359c0c94d91ab1a90301c4a9) Importer(815301076,1909f56bfc062723c751e8b465ee728b) (PreviewImporter) -> (artifact id: '937fcc1672c5e20e4e16663139192ff5') in 0.0172301 seconds
Number of updated asset objects reloaded before import = 0Number of asset objects unloaded after import = 3

========================================================================
Received Import Request.
  Time since last request: 0.000015 seconds.
  path: Assets/Textures/Marshmallows/m6.png
  artifactKey: Guid(51d5b700169256d46a4e25589c52c925) Importer(815301076,1909f56bfc062723c751e8b465ee728b)
Start importing Assets/Textures/Marshmallows/m6.png using Guid(51d5b700169256d46a4e25589c52c925) Importer(815301076,1909f56bfc062723c751e8b465ee728b) (PreviewImporter) -> (artifact id: '917897c41affe1cddae744fdcafa311a') in 0.0160985 seconds
Number of updated asset objects reloaded before import = 0Number of asset objects unloaded after import = 3

========================================================================
Received Import Request.
  Time since last request: 0.000016 seconds.
  path: Assets/Textures/Marshmallows/m9.png
  artifactKey: Guid(46181f2bc9e1a384b82704aae975fa42) Importer(815301076,1909f56bfc062723c751e8b465ee728b)
Start importing Assets/Textures/Marshmallows/m9.png using Guid(46181f2bc9e1a384b82704aae975fa42) Importer(815301076,1909f56bfc062723c751e8b465ee728b) (PreviewImporter) -> (artifact id: '603584f65b742a9dc11f1d1270e66142') in 0.0162946 seconds
Number of updated asset objects reloaded before import = 0Number of asset objects unloaded after import = 3

========================================================================
Received Import Request.
  Time since last request: 27.119460 seconds.
  path: Assets/Textures/Marshmallows/m1.png
  artifactKey: Guid(1b788b01b5267ae4fb9ccf542ff45b72) Importer(815301076,1909f56bfc062723c751e8b465ee728b)
Start importing Assets/Textures/Marshmallows/m1.png using Guid(1b788b01b5267ae4fb9ccf542ff45b72) Importer(815301076,1909f56bfc062723c751e8b465ee728b) (PreviewImporter) -> (artifact id: '3dba5b9611349dac2e3e31ca9b97d027') in 0.0214358 seconds
Number of updated asset objects reloaded before import = 0Number of asset objects unloaded after import = 3

========================================================================
Received Import Request.
  Time since last request: 0.000019 seconds.
  path: Assets/Textures/Marshmallows/m3.png
  artifactKey: Guid(a0f19096cc7efa0488ab2210618b60e6) Importer(815301076,1909f56bfc062723c751e8b465ee728b)
Start importing Assets/Textures/Marshmallows/m3.png using Guid(a0f19096cc7efa0488ab2210618b60e6) Importer(815301076,1909f56bfc062723c751e8b465ee728b) (PreviewImporter) -> (artifact id: '910869aa52a90e65ce674051727b72b0') in 0.0178965 seconds
Number of updated asset objects reloaded before import = 0Number of asset objects unloaded after import = 3

========================================================================
Received Import Request.
  Time since last request: 0.000017 seconds.
  path: Assets/Textures/Marshmallows/m9.png
  artifactKey: Guid(46181f2bc9e1a384b82704aae975fa42) Importer(815301076,1909f56bfc062723c751e8b465ee728b)
Start importing Assets/Textures/Marshmallows/m9.png using Guid(46181f2bc9e1a384b82704aae975fa42) Importer(815301076,1909f56bfc062723c751e8b465ee728b) (PreviewImporter) -> (artifact id: '8878069a2404274a0030a939455e9dd9') in 0.0196616 seconds
Number of updated asset objects reloaded before import = 0Number of asset objects unloaded after import = 3

========================================================================
Received Import Request.
  Time since last request: 115.790834 seconds.
  path: Assets/Textures/Marshmallows/m0 1.png
  artifactKey: Guid(4c417ea150fa9714e8ff97e219f9354d) Importer(815301076,1909f56bfc062723c751e8b465ee728b)
Start importing Assets/Textures/Marshmallows/m0 1.png using Guid(4c417ea150fa9714e8ff97e219f9354d) Importer(815301076,1909f56bfc062723c751e8b465ee728b) (PreviewImporter) -> (artifact id: 'e516715c0b7ea4df581ee2f88d8cc2fc') in 0.019692 seconds
Number of updated asset objects reloaded before import = 0Number of asset objects unloaded after import = 3

========================================================================
Received Import Request.
  Time since last request: 9.188798 seconds.
  path: Assets/Textures/Marshmallows/MM1.png
  artifactKey: Guid(4c417ea150fa9714e8ff97e219f9354d) Importer(815301076,1909f56bfc062723c751e8b465ee728b)
Start importing Assets/Textures/Marshmallows/MM1.png using Guid(4c417ea150fa9714e8ff97e219f9354d) Importer(815301076,1909f56bfc062723c751e8b465ee728b) (PreviewImporter) -> (artifact id: '701a2b7eb997aeff3d2f62399a4510a6') in 0.0179819 seconds
Number of updated asset objects reloaded before import = 0Number of asset objects unloaded after import = 3

========================================================================
Received Import Request.
  Time since last request: 18.445191 seconds.
  path: Assets/Textures/Marshmallows/MM1.png
  artifactKey: Guid(4c417ea150fa9714e8ff97e219f9354d) Importer(815301076,1909f56bfc062723c751e8b465ee728b)
Start importing Assets/Textures/Marshmallows/MM1.png using Guid(4c417ea150fa9714e8ff97e219f9354d) Importer(815301076,1909f56bfc062723c751e8b465ee728b) (PreviewImporter) -> (artifact id: '6f268c320a08fcf2361b70f284ec08da') in 0.0198287 seconds
Number of updated asset objects reloaded before import = 0Number of asset objects unloaded after import = 3

========================================================================
Received Import Request.
  Time since last request: 6.078170 seconds.
  path: Assets/Textures/Marshmallows/m1.png
  artifactKey: Guid(4c417ea150fa9714e8ff97e219f9354d) Importer(815301076,1909f56bfc062723c751e8b465ee728b)
Start importing Assets/Textures/Marshmallows/m1.png using Guid(4c417ea150fa9714e8ff97e219f9354d) Importer(815301076,1909f56bfc062723c751e8b465ee728b) (PreviewImporter) -> (artifact id: '42fd6ea89aed1311a28cccb8f039b783') in 0.0186345 seconds
Number of updated asset objects reloaded before import = 0Number of asset objects unloaded after import = 3

========================================================================
Received Import Request.
  Time since last request: 27.703640 seconds.
  path: Assets/Textures/Marshmallows/m0 1.png
  artifactKey: Guid(ffb242b827c24f74fafdffa5c959729c) Importer(815301076,1909f56bfc062723c751e8b465ee728b)
Start importing Assets/Textures/Marshmallows/m0 1.png using Guid(ffb242b827c24f74fafdffa5c959729c) Importer(815301076,1909f56bfc062723c751e8b465ee728b) (PreviewImporter) -> (artifact id: '2bfee869d476a0f7cc073d308498bbda') in 0.0165453 seconds
Number of updated asset objects reloaded before import = 0Number of asset objects unloaded after import = 3

========================================================================
Received Import Request.
  Time since last request: 2.122559 seconds.
  path: Assets/Textures/Marshmallows/MM2.png
  artifactKey: Guid(ffb242b827c24f74fafdffa5c959729c) Importer(815301076,1909f56bfc062723c751e8b465ee728b)
Start importing Assets/Textures/Marshmallows/MM2.png using Guid(ffb242b827c24f74fafdffa5c959729c) Importer(815301076,1909f56bfc062723c751e8b465ee728b) (PreviewImporter) -> (artifact id: 'e9b9c2a92a410af82c1a5b0c7b42fa88') in 0.0160915 seconds
Number of updated asset objects reloaded before import = 0Number of asset objects unloaded after import = 3

========================================================================
Received Import Request.
  Time since last request: 0.337070 seconds.
  path: Assets/Textures/Marshmallows/MM2 1.png
  artifactKey: Guid(a0bd0f15e209f4f419604c4075267813) Importer(815301076,1909f56bfc062723c751e8b465ee728b)
Start importing Assets/Textures/Marshmallows/MM2 1.png using Guid(a0bd0f15e209f4f419604c4075267813) Importer(815301076,1909f56bfc062723c751e8b465ee728b) (PreviewImporter) -> (artifact id: 'defe0fcd346236a178479e4d5d23f403') in 0.0158156 seconds
Number of updated asset objects reloaded before import = 0Number of asset objects unloaded after import = 3

========================================================================
Received Import Request.
  Time since last request: 1.219682 seconds.
  path: Assets/Textures/Marshmallows/MM3.png
  artifactKey: Guid(a0bd0f15e209f4f419604c4075267813) Importer(815301076,1909f56bfc062723c751e8b465ee728b)
Start importing Assets/Textures/Marshmallows/MM3.png using Guid(a0bd0f15e209f4f419604c4075267813) Importer(815301076,1909f56bfc062723c751e8b465ee728b) (PreviewImporter) -> (artifact id: '7f90f5544ad35f6581e2934798397f4d') in 0.016473 seconds
Number of updated asset objects reloaded before import = 0Number of asset objects unloaded after import = 3

========================================================================
Received Import Request.
  Time since last request: 0.371022 seconds.
  path: Assets/Textures/Marshmallows/MM3 1.png
  artifactKey: Guid(03714248d7c59a0499792cad33a3f3cb) Importer(815301076,1909f56bfc062723c751e8b465ee728b)
Start importing Assets/Textures/Marshmallows/MM3 1.png using Guid(03714248d7c59a0499792cad33a3f3cb) Importer(815301076,1909f56bfc062723c751e8b465ee728b) (PreviewImporter) -> (artifact id: '215f20b4feef056cb219732132624cde') in 0.0226768 seconds
Number of updated asset objects reloaded before import = 0Number of asset objects unloaded after import = 3

========================================================================
Received Import Request.
  Time since last request: 1.217338 seconds.
  path: Assets/Textures/Marshmallows/MM4.png
  artifactKey: Guid(03714248d7c59a0499792cad33a3f3cb) Importer(815301076,1909f56bfc062723c751e8b465ee728b)
Start importing Assets/Textures/Marshmallows/MM4.png using Guid(03714248d7c59a0499792cad33a3f3cb) Importer(815301076,1909f56bfc062723c751e8b465ee728b) (PreviewImporter) -> (artifact id: '8c81726a27c7185e2ed8c7e73af285a7') in 0.0176368 seconds
Number of updated asset objects reloaded before import = 0Number of asset objects unloaded after import = 3

========================================================================
Received Import Request.
  Time since last request: 0.259238 seconds.
  path: Assets/Textures/Marshmallows/MM4 1.png
  artifactKey: Guid(b8bb65f0b0240f940b6c1fd358b71a27) Importer(815301076,1909f56bfc062723c751e8b465ee728b)
Start importing Assets/Textures/Marshmallows/MM4 1.png using Guid(b8bb65f0b0240f940b6c1fd358b71a27) Importer(815301076,1909f56bfc062723c751e8b465ee728b) (PreviewImporter) -> (artifact id: '00d04ee417336ad675ff9c022da6c911') in 0.0168126 seconds
Number of updated asset objects reloaded before import = 0Number of asset objects unloaded after import = 3

========================================================================
Received Import Request.
  Time since last request: 1.193866 seconds.
  path: Assets/Textures/Marshmallows/MM5.png
  artifactKey: Guid(b8bb65f0b0240f940b6c1fd358b71a27) Importer(815301076,1909f56bfc062723c751e8b465ee728b)
Start importing Assets/Textures/Marshmallows/MM5.png using Guid(b8bb65f0b0240f940b6c1fd358b71a27) Importer(815301076,1909f56bfc062723c751e8b465ee728b) (PreviewImporter) -> (artifact id: '6995f5ab3fc767ea5272b817b510109d') in 0.0198751 seconds
Number of updated asset objects reloaded before import = 0Number of asset objects unloaded after import = 3

========================================================================
Received Import Request.
  Time since last request: 0.226662 seconds.
  path: Assets/Textures/Marshmallows/MM5 1.png
  artifactKey: Guid(b254bc7fa7022e1439088b4ab389271a) Importer(815301076,1909f56bfc062723c751e8b465ee728b)
Start importing Assets/Textures/Marshmallows/MM5 1.png using Guid(b254bc7fa7022e1439088b4ab389271a) Importer(815301076,1909f56bfc062723c751e8b465ee728b) (PreviewImporter) -> (artifact id: 'a9024f7e46cf92c259badd30e94b080e') in 0.0187192 seconds
Number of updated asset objects reloaded before import = 0Number of asset objects unloaded after import = 3

========================================================================
Received Import Request.
  Time since last request: 1.157738 seconds.
  path: Assets/Textures/Marshmallows/MM6.png
  artifactKey: Guid(b254bc7fa7022e1439088b4ab389271a) Importer(815301076,1909f56bfc062723c751e8b465ee728b)
Start importing Assets/Textures/Marshmallows/MM6.png using Guid(b254bc7fa7022e1439088b4ab389271a) Importer(815301076,1909f56bfc062723c751e8b465ee728b) (PreviewImporter) -> (artifact id: '03034b5886af6146d53e9e0a554f621e') in 0.0177296 seconds
Number of updated asset objects reloaded before import = 0Number of asset objects unloaded after import = 3

========================================================================
Received Import Request.
  Time since last request: 0.255203 seconds.
  path: Assets/Textures/Marshmallows/MM6 1.png
  artifactKey: Guid(3431243a044a17f4b9e63617ab1d5a39) Importer(815301076,1909f56bfc062723c751e8b465ee728b)
Start importing Assets/Textures/Marshmallows/MM6 1.png using Guid(3431243a044a17f4b9e63617ab1d5a39) Importer(815301076,1909f56bfc062723c751e8b465ee728b) (PreviewImporter) -> (artifact id: '51d1cf7a4e42242f5da2539003bd6dbd') in 0.0156775 seconds
Number of updated asset objects reloaded before import = 0Number of asset objects unloaded after import = 3

========================================================================
Received Import Request.
  Time since last request: 1.120278 seconds.
  path: Assets/Textures/Marshmallows/MM7.png
  artifactKey: Guid(3431243a044a17f4b9e63617ab1d5a39) Importer(815301076,1909f56bfc062723c751e8b465ee728b)
Start importing Assets/Textures/Marshmallows/MM7.png using Guid(3431243a044a17f4b9e63617ab1d5a39) Importer(815301076,1909f56bfc062723c751e8b465ee728b) (PreviewImporter) -> (artifact id: '4ae91e82a9837a886bbe8a28f9d8f0b6') in 0.0205841 seconds
Number of updated asset objects reloaded before import = 0Number of asset objects unloaded after import = 3

========================================================================
Received Import Request.
  Time since last request: 0.414683 seconds.
  path: Assets/Textures/Marshmallows/MM7 1.png
  artifactKey: Guid(5d7bf94bdd5b0a944a50c4277e649df4) Importer(815301076,1909f56bfc062723c751e8b465ee728b)
Start importing Assets/Textures/Marshmallows/MM7 1.png using Guid(5d7bf94bdd5b0a944a50c4277e649df4) Importer(815301076,1909f56bfc062723c751e8b465ee728b) (PreviewImporter) -> (artifact id: '62bc52fe37a36af0a10a9a90c41ed14b') in 0.0169318 seconds
Number of updated asset objects reloaded before import = 0Number of asset objects unloaded after import = 3

========================================================================
Received Import Request.
  Time since last request: 1.445445 seconds.
  path: Assets/Textures/Marshmallows/MM8.png
  artifactKey: Guid(5d7bf94bdd5b0a944a50c4277e649df4) Importer(815301076,1909f56bfc062723c751e8b465ee728b)
Start importing Assets/Textures/Marshmallows/MM8.png using Guid(5d7bf94bdd5b0a944a50c4277e649df4) Importer(815301076,1909f56bfc062723c751e8b465ee728b) (PreviewImporter) -> (artifact id: '2e7a4661d8a13574a6c9837db2850596') in 0.0165227 seconds
Number of updated asset objects reloaded before import = 0Number of asset objects unloaded after import = 3

========================================================================
Received Import Request.
  Time since last request: 0.267167 seconds.
  path: Assets/Textures/Marshmallows/MM8 1.png
  artifactKey: Guid(b6c489d8a5eec4c40bd4bcb14585afd5) Importer(815301076,1909f56bfc062723c751e8b465ee728b)
Start importing Assets/Textures/Marshmallows/MM8 1.png using Guid(b6c489d8a5eec4c40bd4bcb14585afd5) Importer(815301076,1909f56bfc062723c751e8b465ee728b) (PreviewImporter) -> (artifact id: 'fd58852501475612daea113932d399a8') in 0.0162632 seconds
Number of updated asset objects reloaded before import = 0Number of asset objects unloaded after import = 3

========================================================================
Received Import Request.
  Time since last request: 1.747523 seconds.
  path: Assets/Textures/Marshmallows/MM9.png
  artifactKey: Guid(b6c489d8a5eec4c40bd4bcb14585afd5) Importer(815301076,1909f56bfc062723c751e8b465ee728b)
Start importing Assets/Textures/Marshmallows/MM9.png using Guid(b6c489d8a5eec4c40bd4bcb14585afd5) Importer(815301076,1909f56bfc062723c751e8b465ee728b) (PreviewImporter) -> (artifact id: 'da1fa38c59e852c49353f8bbb37a1312') in 0.01818 seconds
Number of updated asset objects reloaded before import = 0Number of asset objects unloaded after import = 3

========================================================================
Received Import Request.
  Time since last request: 36.669634 seconds.
  path: Assets/Textures/Marshmallows/MM3.png
  artifactKey: Guid(a0bd0f15e209f4f419604c4075267813) Importer(815301076,1909f56bfc062723c751e8b465ee728b)
Start importing Assets/Textures/Marshmallows/MM3.png using Guid(a0bd0f15e209f4f419604c4075267813) Importer(815301076,1909f56bfc062723c751e8b465ee728b) (PreviewImporter) -> (artifact id: '7d05be71ec2afd74e15f662214a606f3') in 0.0200921 seconds
Number of updated asset objects reloaded before import = 0Number of asset objects unloaded after import = 3

========================================================================
Received Import Request.
  Time since last request: 14.518254 seconds.
  path: Assets/Textures/Marshmallows/MM2.png
  artifactKey: Guid(ffb242b827c24f74fafdffa5c959729c) Importer(815301076,1909f56bfc062723c751e8b465ee728b)
Start importing Assets/Textures/Marshmallows/MM2.png using Guid(ffb242b827c24f74fafdffa5c959729c) Importer(815301076,1909f56bfc062723c751e8b465ee728b) (PreviewImporter) -> (artifact id: 'a110042cd74d947c983fddd482da32a8') in 0.0190749 seconds
Number of updated asset objects reloaded before import = 0Number of asset objects unloaded after import = 3

========================================================================
Received Import Request.
  Time since last request: 57.957301 seconds.
  path: Assets/Textures/Marshmallows/MM3.png
  artifactKey: Guid(a0bd0f15e209f4f419604c4075267813) Importer(815301076,1909f56bfc062723c751e8b465ee728b)
Start importing Assets/Textures/Marshmallows/MM3.png using Guid(a0bd0f15e209f4f419604c4075267813) Importer(815301076,1909f56bfc062723c751e8b465ee728b) (PreviewImporter) -> (artifact id: 'f40147f71e0bac6ca8356bb431d0e9e0') in 0.0234758 seconds
Number of updated asset objects reloaded before import = 0Number of asset objects unloaded after import = 3

========================================================================
Received Import Request.
  Time since last request: 0.000017 seconds.
  path: Assets/Textures/Marshmallows/MM9.png
  artifactKey: Guid(b6c489d8a5eec4c40bd4bcb14585afd5) Importer(815301076,1909f56bfc062723c751e8b465ee728b)
Start importing Assets/Textures/Marshmallows/MM9.png using Guid(b6c489d8a5eec4c40bd4bcb14585afd5) Importer(815301076,1909f56bfc062723c751e8b465ee728b) (PreviewImporter) -> (artifact id: 'f415daaf536fad21ec540669d90cd30d') in 0.017941 seconds
Number of updated asset objects reloaded before import = 0Number of asset objects unloaded after import = 3

========================================================================
Received Import Request.
  Time since last request: 0.000034 seconds.
  path: Assets/Textures/Marshmallows/MM6.png
  artifactKey: Guid(b254bc7fa7022e1439088b4ab389271a) Importer(815301076,1909f56bfc062723c751e8b465ee728b)
Start importing Assets/Textures/Marshmallows/MM6.png using Guid(b254bc7fa7022e1439088b4ab389271a) Importer(815301076,1909f56bfc062723c751e8b465ee728b) (PreviewImporter) -> (artifact id: '1f977c124ba022c9a53935d9a8468287') in 0.0186288 seconds
Number of updated asset objects reloaded before import = 0Number of asset objects unloaded after import = 3

Editor requested this worker to shutdown with reason: Scaling down because of idle timeout
AssetImportWorker is now disconnected from the server
Process exiting
Exiting without the bug reporter. Application will terminate with return code 0